[0805/131700.739:ERROR:process_reader_win.cc(151)] SuspendThread: Access is denied. (0x5)
[0805/131700.740:ERROR:process_reader_win.cc(151)] SuspendThread: Access is denied. (0x5)
[0805/131700.740:ERROR:exception_snapshot_win.cc(98)] thread ID 4452 not found in process
[0807/125827.071:ERROR:process_reader_win.cc(182)] ResumeThread: The parameter is incorrect. (0x57)
[0807/125827.071:ERROR:process_reader_win.cc(151)] SuspendThread: Access is denied. (0x5)
[0807/125827.071:ERROR:process_reader_win.cc(151)] SuspendThread: Access is denied. (0x5)
[0807/125827.071:ERROR:process_reader_win.cc(151)] SuspendThread: Access is denied. (0x5)
[0807/125827.071:ERROR:process_reader_win.cc(151)] SuspendThread: Access is denied. (0x5)
[0807/125827.071:ERROR:process_reader_win.cc(151)] SuspendThread: Access is denied. (0x5)
[0807/125827.071:ERROR:process_reader_win.cc(151)] SuspendThread: Access is denied. (0x5)
[0807/125827.071:ERROR:process_reader_win.cc(151)] SuspendThread: Access is denied. (0x5)
[0807/125827.071:ERROR:process_reader_win.cc(151)] SuspendThread: Access is denied. (0x5)
[0807/125827.071:ERROR:process_reader_win.cc(151)] SuspendThread: Access is denied. (0x5)
[0807/125827.071:ERROR:exception_snapshot_win.cc(98)] thread ID 3272 not found in process
[0919/102504.994:ERROR:process_info.cc(329)] VirtualQueryEx: Access is denied. (0x5)
[0919/102504.994:ERROR:process_info.cc(556)] ReadMemoryInfo failed
[0919/102504.994:ERROR:process_memory_win.cc(39)] Failed to initialize ProcessInfo.
[0919/102504.994:ERROR:scoped_process_suspend.cc(40)] NtResumeProcess: An attempt was made to access an exiting process. (0xc000010a)
[0919/103450.018:ERROR:process_info.cc(329)] VirtualQueryEx: Access is denied. (0x5)
[0919/103450.018:ERROR:process_info.cc(556)] ReadMemoryInfo failed
[0919/103450.018:ERROR:process_memory_win.cc(39)] Failed to initialize ProcessInfo.
[0919/103450.018:ERROR:scoped_process_suspend.cc(40)] NtResumeProcess: An attempt was made to access an exiting process. (0xc000010a)
